
Output:
Building: D:\nodejs\node.exe D:\Coding\React-Course-Projects\Indecision-app\node_modules\node-gyp\bin\node-gyp.js rebuild --verbose --libsass_ext= --libsass_cflags= --libsass_ldflags= --libsass_library=
gyp info it worked if it ends with ok
gyp verb cli [
gyp verb cli   'D:\\nodejs\\node.exe',
gyp verb cli   'D:\\Coding\\React-Course-Projects\\Indecision-app\\node_modules\\node-gyp\\bin\\node-gyp.js',
gyp verb cli   'rebuild',
gyp verb cli   '--verbose',
gyp verb cli   '--libsass_ext=',
gyp verb cli   '--libsass_cflags=',
gyp verb cli   '--libsass_ldflags=',
gyp verb cli   '--libsass_library='
gyp verb cli ]
gyp info using node-gyp@3.8.0
gyp info using node@15.10.0 | win32 | x64
gyp verb command rebuild []
gyp verb command clean []
gyp verb clean removing "build" directory
gyp verb command configure []
gyp verb check python checking for Python executable "python2" in the PATH
gyp verb `which` failed Error: not found: python2
gyp verb `which` failed     at getNotFoundError (D:\Coding\React-Course-Projects\Indecision-app\node_modules\which\which.js:13:12)
gyp verb `which` failed     at F (D:\Coding\React-Course-Projects\Indecision-app\node_modules\which\which.js:68:19)
gyp verb `which` failed     at E (D:\Coding\React-Course-Projects\Indecision-app\node_modules\which\which.js:80:29)
gyp verb `which` failed     at D:\Coding\React-Course-Projects\Indecision-app\node_modules\which\which.js:89:16
gyp verb `which` failed     at D:\Coding\React-Course-Projects\Indecision-app\node_modules\isexe\index.js:42:5
gyp verb `which` failed     at D:\Coding\React-Course-Projects\Indecision-app\node_modules\isexe\windows.js:36:5
gyp verb `which` failed     at FSReqCallback.oncomplete (node:fs:196:21)
gyp verb `which` failed  python2 Error: not found: python2
gyp verb `which` failed     at getNotFoundError (D:\Coding\React-Course-Projects\Indecision-app\node_modules\which\which.js:13:12)
gyp verb `which` failed     at F (D:\Coding\React-Course-Projects\Indecision-app\node_modules\which\which.js:68:19)
gyp verb `which` failed     at E (D:\Coding\React-Course-Projects\Indecision-app\node_modules\which\which.js:80:29)
gyp verb `which` failed     at D:\Coding\React-Course-Projects\Indecision-app\node_modules\which\which.js:89:16
gyp verb `which` failed     at D:\Coding\React-Course-Projects\Indecision-app\node_modules\isexe\index.js:42:5
gyp verb `which` failed     at D:\Coding\React-Course-Projects\Indecision-app\node_modules\isexe\windows.js:36:5
gyp verb `which` failed     at FSReqCallback.oncomplete (node:fs:196:21) {
gyp verb `which` failed   code: 'ENOENT'
gyp verb `which` failed }
gyp verb check python checking for Python executable "python" in the PATH
gyp verb `which` failed Error: not found: python
gyp verb `which` failed     at getNotFoundError (D:\Coding\React-Course-Projects\Indecision-app\node_modules\which\which.js:13:12)
gyp verb `which` failed     at F (D:\Coding\React-Course-Projects\Indecision-app\node_modules\which\which.js:68:19)
gyp verb `which` failed     at E (D:\Coding\React-Course-Projects\Indecision-app\node_modules\which\which.js:80:29)
gyp verb `which` failed     at D:\Coding\React-Course-Projects\Indecision-app\node_modules\which\which.js:89:16
gyp verb `which` failed     at D:\Coding\React-Course-Projects\Indecision-app\node_modules\isexe\index.js:42:5
gyp verb `which` failed     at D:\Coding\React-Course-Projects\Indecision-app\node_modules\isexe\windows.js:36:5
gyp verb `which` failed     at FSReqCallback.oncomplete (node:fs:196:21)
gyp verb `which` failed  python Error: not found: python
gyp verb `which` failed     at getNotFoundError (D:\Coding\React-Course-Projects\Indecision-app\node_modules\which\which.js:13:12)
gyp verb `which` failed     at F (D:\Coding\React-Course-Projects\Indecision-app\node_modules\which\which.js:68:19)
gyp verb `which` failed     at E (D:\Coding\React-Course-Projects\Indecision-app\node_modules\which\which.js:80:29)
gyp verb `which` failed     at D:\Coding\React-Course-Projects\Indecision-app\node_modules\which\which.js:89:16
gyp verb `which` failed     at D:\Coding\React-Course-Projects\Indecision-app\node_modules\isexe\index.js:42:5
gyp verb `which` failed     at D:\Coding\React-Course-Projects\Indecision-app\node_modules\isexe\windows.js:36:5
gyp verb `which` failed     at FSReqCallback.oncomplete (node:fs:196:21) {
gyp verb `which` failed   code: 'ENOENT'
gyp verb `which` failed }
gyp verb could not find "python". checking python launcher
gyp verb check python launcher python executable found: "C:\\Python27\\python.exe"
gyp verb check python version `C:\Python27\python.exe -c "import sys; print "2.7.13
gyp verb check python version .%s.%s" % sys.version_info[:3];"` returned: %j
gyp verb get node dir no --target version specified, falling back to host node version: 15.10.0
gyp verb command install [ '15.10.0' ]
gyp verb install input version string "15.10.0"
gyp verb install installing version: 15.10.0
gyp verb install --ensure was passed, so won't reinstall if already installed
gyp verb install version is already installed, need to check "installVersion"
gyp verb got "installVersion" 9
gyp verb needs "installVersion" 9
gyp verb install version is good
gyp verb get node dir target node version installed: 15.10.0
gyp verb build dir attempting to create "build" dir: D:\Coding\React-Course-Projects\Indecision-app\node_modules\node-sass\build
gyp verb build dir "build" dir needed to be created? D:\Coding\React-Course-Projects\Indecision-app\node_modules\node-sass\build
gyp verb Not using VS2017: Could not use PowerShell to find VS2017
gyp verb build/config.gypi creating config file
gyp verb build/config.gypi writing out config file: D:\Coding\React-Course-Projects\Indecision-app\node_modules\node-sass\build\config.gypi
gyp verb config.gypi checking for gypi file: D:\Coding\React-Course-Projects\Indecision-app\node_modules\node-sass\config.gypi
gyp verb common.gypi checking for gypi file: D:\Coding\React-Course-Projects\Indecision-app\node_modules\node-sass\common.gypi
gyp verb gyp gyp format was not specified; forcing "msvs"
gyp info spawn C:\Python27\python.exe
gyp info spawn args [
gyp info spawn args   'D:\\Coding\\React-Course-Projects\\Indecision-app\\node_modules\\node-gyp\\gyp\\gyp_main.py',
gyp info spawn args   'binding.gyp',
gyp info spawn args   '-f',
gyp info spawn args   'msvs',
gyp info spawn args   '-G',
gyp info spawn args   'msvs_version=auto',
gyp info spawn args   '-I',
gyp info spawn args   'D:\\Coding\\React-Course-Projects\\Indecision-app\\node_modules\\node-sass\\build\\config.gypi',
gyp info spawn args   '-I',
gyp info spawn args   'D:\\Coding\\React-Course-Projects\\Indecision-app\\node_modules\\node-gyp\\addon.gypi',
gyp info spawn args   '-I',
gyp info spawn args   'C:\\Users\\admin\\.node-gyp\\15.10.0\\include\\node\\common.gypi',
gyp info spawn args   '-Dlibrary=shared_library',
gyp info spawn args   '-Dvisibility=default',
gyp info spawn args   '-Dnode_root_dir=C:\\Users\\admin\\.node-gyp\\15.10.0',
gyp info spawn args   '-Dnode_gyp_dir=D:\\Coding\\React-Course-Projects\\Indecision-app\\node_modules\\node-gyp',
gyp info spawn args   '-Dnode_lib_file=C:\\Users\\admin\\.node-gyp\\15.10.0\\<(target_arch)\\node.lib',
gyp info spawn args   '-Dmodule_root_dir=D:\\Coding\\React-Course-Projects\\Indecision-app\\node_modules\\node-sass',
gyp info spawn args   '-Dnode_engine=v8',
gyp info spawn args   '--depth=.',
gyp info spawn args   '--no-parallel',
gyp info spawn args   '--generator-output',
gyp info spawn args   'D:\\Coding\\React-Course-Projects\\Indecision-app\\node_modules\\node-sass\\build',
gyp info spawn args   '-Goutput_dir=.'
gyp info spawn args ]
Warning: unrecognized setting VCCLCompilerTool/MultiProcessorCompilation
Warning: unrecognized setting VCCLCompilerTool/MultiProcessorCompilation
Warning: unrecognized setting VCCLCompilerTool/MultiProcessorCompilation
Warning: unrecognized setting VCCLCompilerTool/MultiProcessorCompilation
gyp verb command build []
gyp verb build type Release
gyp verb architecture x64
gyp verb node dev dir C:\Users\admin\.node-gyp\15.10.0
gyp verb found first Solution file build/binding.sln
gyp verb could not find "msbuild.exe" in PATH - finding location in registry
gyp info spawn C:\Windows\Microsoft.NET\Framework\v4.0.30319\msbuild.exe
gyp info spawn args [
gyp info spawn args   'build/binding.sln',
gyp info spawn args   '/nologo',
gyp info spawn args   '/p:Configuration=Release;Platform=x64'
gyp info spawn args ]
Building the projects in this solution one at a time. To enable parallel build, please add the "/m" switch.
Build started 20-05-2021 04:50:14 PM.
Project "D:\Coding\React-Course-Projects\Indecision-app\node_modules\node-sass\build\binding.sln" on node 1 (default targets).
ValidateSolutionConfiguration:
  Building solution configuration "Release|x64".
MSBUILD : error MSB3428: Could not load the Visual C++ component "VCBuild.exe". To fix this, 1) install the .NET Framework 2.0 SDK, 2) install Microsoft Visual Studio 2005 or 3) add the location of the component to the system path if it is installed elsewhere.  [D:\Coding\React-Course-Projects\Indecision-app\node_modules\node-sass\build\binding.sln]
Done Building Project "D:\Coding\React-Course-Projects\Indecision-app\node_modules\node-sass\build\binding.sln" (default targets) -- FAILED.

Build FAILED.

"D:\Coding\React-Course-Projects\Indecision-app\node_modules\node-sass\build\binding.sln" (default target) (1) ->
(_src_\libsass target) ->
  MSBUILD : error MSB3428: Could not load the Visual C++ component "VCBuild.exe". To fix this, 1) install the .NET Framework 2.0 SDK, 2) install Microsoft Visual Studio 2005 or 3) add the location of the component to the system path if it is installed elsewhere.  [D:\Coding\React-Course-Projects\Indecision-app\node_modules\node-sass\build\binding.sln]

    0 Warning(s)
    1 Error(s)

Time Elapsed 00:00:00.98
gyp ERR! build error
gyp ERR! stack Error: `C:\Windows\Microsoft.NET\Framework\v4.0.30319\msbuild.exe` failed with exit code: 1
gyp ERR! stack     at ChildProcess.onExit (D:\Coding\React-Course-Projects\Indecision-app\node_modules\node-gyp\lib\build.js:262:23)
gyp ERR! stack     at ChildProcess.emit (node:events:378:20)
gyp ERR! stack     at Process.ChildProcess._handle.onexit (node:internal/child_process:290:12)
gyp ERR! System Windows_NT 10.0.19042
gyp ERR! command "D:\\nodejs\\node.exe" "D:\\Coding\\React-Course-Projects\\Indecision-app\\node_modules\\node-gyp\\bin\\node-gyp.js" "rebuild" "--verbose" "--libsass_ext=" "--libsass_cflags=" "--libsass_ldflags=" "--libsass_library="
gyp ERR! cwd D:\Coding\React-Course-Projects\Indecision-app\node_modules\node-sass
gyp ERR! node -v v15.10.0
gyp ERR! node-gyp -v v3.8.0
gyp ERR! not ok
